2024-01-25 21:55:24 - Neurotec.Net.Sockets.NSocketException (11001): No such host is known.

   at GetAddrInfoW
   --- End of external call stack ---
   --- End of unmanaged stack trace ---
   at Neurotec.NResult.RaiseError(Int32 error)
   at Neurotec.Licensing.NLicense.GetLicenseInfoOnline(String license)
   at Neurotec.ActivationWizard.Misc.NLicenseInfoEx.FromData(String data, NLicenseInfoType type, NLicenseInfoSourceType sourceType)
2024-01-25 21:56:18 - Neurotec.Net.Sockets.NSocketException (11001): No such host is known.

   at GetAddrInfoW
   --- End of external call stack ---
   --- End of unmanaged stack trace ---
   at Neurotec.NResult.RaiseError(Int32 error)
   at Neurotec.Licensing.NLicense.GetLicenseInfoOnline(String license)
   at Neurotec.ActivationWizard.Misc.NLicenseInfoEx.FromData(String data, NLicenseInfoType type, NLicenseInfoSourceType sourceType)
2024-01-25 21:56:55 - Neurotec.NException: Invalid response received from server
   at Neurotec.NResult.RaiseError(Int32 error)
   at Neurotec.Licensing.NLicense.GetLicenseInfoOnline(String license)
   at Neurotec.ActivationWizard.Misc.NLicenseInfoEx.FromData(String data, NLicenseInfoType type, NLicenseInfoSourceType sourceType)
2024-01-25 21:59:43 - Neurotec.NException: Invalid response received from server
   at Neurotec.NResult.RaiseError(Int32 error)
   at Neurotec.Licensing.NLicense.GetLicenseInfoOnline(String license)
   at Neurotec.ActivationWizard.Misc.NLicenseInfoEx.FromData(String data, NLicenseInfoType type, NLicenseInfoSourceType sourceType)
